0 info it worked if it ends with ok
1 verbose cli [ '/Users/alexhorton/.nvm/versions/node/v6.5.0/bin/node',
1 verbose cli   '/Users/alexhorton/.nvm/versions/node/v6.5.0/bin/npm',
1 verbose cli   'install',
1 verbose cli   'diceroll' ]
2 info using npm@3.10.6
3 info using node@v6.5.0
4 silly loadCurrentTree Starting
5 silly install loadCurrentTree
6 silly install readLocalPackageData
7 silly fetchPackageMetaData diceroll
8 silly fetchOtherPackageData diceroll
9 silly cache add args [ 'diceroll', null ]
10 verbose cache add spec diceroll
11 silly cache add parsed spec Result {
11 silly cache add   raw: 'diceroll',
11 silly cache add   scope: null,
11 silly cache add   escapedName: 'diceroll',
11 silly cache add   name: null,
11 silly cache add   rawSpec: 'diceroll',
11 silly cache add   spec: '/Users/alexhorton/workspace/backEnd/command-line-apps/exercises/01/bin/diceroll',
11 silly cache add   type: 'local' }
12 silly addLocalTarball shasum (computed) c61733c74a1e5828cda671562799352804c3d490
13 verbose addTmpTarball /Users/alexhorton/workspace/backEnd/command-line-apps/exercises/01/bin/diceroll not in flight; adding
14 verbose correctMkdir /Users/alexhorton/.npm correctMkdir not in flight; initializing
15 verbose addTmpTarball validating metadata from /Users/alexhorton/workspace/backEnd/command-line-apps/exercises/01/bin/diceroll
16 verbose tar unpack /Users/alexhorton/workspace/backEnd/command-line-apps/exercises/01/bin/diceroll
17 verbose tar unpacking to /var/folders/41/1ll8hrrn7qd_7m6p75msxhj00000gn/T/npm-74134-c3160f8d/unpack-f25819ba
18 silly gentlyRm /var/folders/41/1ll8hrrn7qd_7m6p75msxhj00000gn/T/npm-74134-c3160f8d/unpack-f25819ba is being purged
19 verbose gentlyRm don't care about contents; nuking /var/folders/41/1ll8hrrn7qd_7m6p75msxhj00000gn/T/npm-74134-c3160f8d/unpack-f25819ba
20 silly gunzTarPerm modes [ '755', '644' ]
21 error not a package /Users/alexhorton/workspace/backEnd/command-line-apps/exercises/01/bin/diceroll
22 error addLocal Could not install /Users/alexhorton/workspace/backEnd/command-line-apps/exercises/01/bin/diceroll
23 silly fetchPackageMetaData Error: ENOENT: no such file or directory, open '/var/folders/41/1ll8hrrn7qd_7m6p75msxhj00000gn/T/npm-74134-c3160f8d/unpack-f25819ba/package.json'
23 silly fetchPackageMetaData     at Error (native)
23 silly fetchPackageMetaData  error for diceroll { Error: ENOENT: no such file or directory, open '/var/folders/41/1ll8hrrn7qd_7m6p75msxhj00000gn/T/npm-74134-c3160f8d/unpack-f25819ba/package.json'
23 silly fetchPackageMetaData     at Error (native)
23 silly fetchPackageMetaData   errno: -2,
23 silly fetchPackageMetaData   code: 'ENOENT',
23 silly fetchPackageMetaData   syscall: 'open',
23 silly fetchPackageMetaData   path: '/var/folders/41/1ll8hrrn7qd_7m6p75msxhj00000gn/T/npm-74134-c3160f8d/unpack-f25819ba/package.json' }
24 silly rollbackFailedOptional Starting
25 silly rollbackFailedOptional Finishing
26 silly runTopLevelLifecycles Starting
27 silly runTopLevelLifecycles Finishing
28 silly install printInstalled
29 verbose stack Error: ENOENT: no such file or directory, open '/var/folders/41/1ll8hrrn7qd_7m6p75msxhj00000gn/T/npm-74134-c3160f8d/unpack-f25819ba/package.json'
29 verbose stack     at Error (native)
30 verbose cwd /Users/alexhorton/workspace/backEnd/command-line-apps/exercises/01/bin
31 error Darwin 15.6.0
32 error argv "/Users/alexhorton/.nvm/versions/node/v6.5.0/bin/node" "/Users/alexhorton/.nvm/versions/node/v6.5.0/bin/npm" "install" "diceroll"
33 error node v6.5.0
34 error npm  v3.10.6
35 error path /var/folders/41/1ll8hrrn7qd_7m6p75msxhj00000gn/T/npm-74134-c3160f8d/unpack-f25819ba/package.json
36 error code ENOENT
37 error errno -2
38 error syscall open
39 error enoent ENOENT: no such file or directory, open '/var/folders/41/1ll8hrrn7qd_7m6p75msxhj00000gn/T/npm-74134-c3160f8d/unpack-f25819ba/package.json'
40 error enoent ENOENT: no such file or directory, open '/var/folders/41/1ll8hrrn7qd_7m6p75msxhj00000gn/T/npm-74134-c3160f8d/unpack-f25819ba/package.json'
40 error enoent This is most likely not a problem with npm itself
40 error enoent and is related to npm not being able to find a file.
41 verbose exit [ -2, true ]
